[13:51:59] [ServerMain/INFO]: [bootstrap] Running Java 22 (Java HotSpot(TM) 64-Bit Server VM 22.0.1+8-16; Oracle Corporation null) on Windows 11 10.0 (amd64)
[13:51:59] [ServerMain/INFO]: [bootstrap] Loading Paper 1.21.1-12-master@1798e94 (2024-08-12T07:48:10Z) for Minecraft 1.21.1
[13:51:59] [ServerMain/INFO]: [PluginInitializerManager] Initializing plugins...
[13:51:59] [ServerMain/INFO]: [PluginInitializerManager] Initialized 0 plugins
[13:52:02] [ServerMain/INFO]: Environment: Environment[sessionHost=https://sessionserver.mojang.com, servicesHost=https://api.minecraftservices.com, name=PROD]
[13:52:02] [ServerMain/INFO]: Found new data pack file/bukkit, loading it automatically
[13:52:02] [ServerMain/INFO]: Found new data pack paper, loading it automatically
[13:52:03] [ServerMain/INFO]: No existing world data, creating new world
[13:52:03] [ServerMain/INFO]: Loaded 1290 recipes
[13:52:04] [ServerMain/INFO]: Loaded 1399 advancements
[13:52:04] [Server thread/INFO]: Starting minecraft server version 1.21.1
[13:52:04] [Server thread/INFO]: Loading properties
[13:52:04] [Server thread/INFO]: This server is running Paper version 1.21.1-12-master@1798e94 (2024-08-12T07:48:10Z) (Implementing API version 1.21.1-R0.1-SNAPSHOT)
[13:52:04] [Server thread/INFO]: [spark] This server bundles the spark profiler. For more information please visit https://docs.papermc.io/paper/profiling
[13:52:04] [Server thread/INFO]: Server Ping Player Sample Count: 12
[13:52:04] [Server thread/INFO]: Using 4 threads for Netty based IO
[13:52:05] [Server thread/INFO]: [ChunkTaskScheduler] Chunk system is using 1 I/O threads, 3 worker threads, and population gen parallelism of 3 threads
[13:52:05] [Server thread/INFO]: Default game type: SURVIVAL
[13:52:05] [Server thread/INFO]: Generating keypair
[13:52:05] [Server thread/INFO]: Starting Minecraft server on *:25565
[13:52:05] [Server thread/INFO]: Using default channel type
[13:52:05] [Server thread/INFO]: Paper: Using Java compression from Velocity.
[13:52:05] [Server thread/INFO]: Paper: Using Java cipher from Velocity.
[13:52:05] [Server thread/WARN]: **** SERVER IS RUNNING IN OFFLINE/INSECURE MODE!
[13:52:05] [Server thread/WARN]: The server will make no attempt to authenticate usernames. Beware.
[13:52:05] [Server thread/WARN]: While this makes the game possible to play without internet access, it also opens up the ability for hackers to connect with any username they choose.
[13:52:05] [Server thread/WARN]: To change this, set "online-mode" to "true" in the server.properties file.
[13:52:05] [Server thread/INFO]: Preparing level "world"
[13:52:09] [Server thread/INFO]: Preparing start region for dimension minecraft:overworld
[13:52:11] [Server thread/INFO]: Time elapsed: 1715 ms
[13:52:11] [Server thread/INFO]: Preparing start region for dimension minecraft:the_nether
[13:52:12] [Server thread/INFO]: Time elapsed: 755 ms
[13:52:12] [Server thread/INFO]: Preparing start region for dimension minecraft:the_end
[13:52:12] [Server thread/INFO]: Time elapsed: 157 ms
[13:52:12] [Server thread/INFO]: [spark] Starting background profiler...
[13:52:12] [Server thread/INFO]: [spark] The async-profiler engine is not supported for your os/arch (windows11/amd64), so the built-in Java engine will be used instead.
[13:52:12] [Server thread/INFO]: Done preparing level "world" (6.798s)
[13:52:12] [Server thread/INFO]: Running delayed init tasks
[13:52:12] [Server thread/INFO]: Done (14.127s)! For help, type "help"
[13:52:12] [Server thread/INFO]: *************************************************************************************
[13:52:12] [Server thread/INFO]: This is the first time you're starting this server.
[13:52:12] [Server thread/INFO]: It's recommended you read our 'Getting Started' documentation for guidance.
[13:52:12] [Server thread/INFO]: View this and more helpful information here: https://docs.papermc.io/paper/next-steps
[13:52:12] [Server thread/INFO]: *************************************************************************************
[13:52:12] [Server thread/INFO]: Timings Reset
[13:53:48] [User Authenticator #0/INFO]: UUID of player Player650 is 19f51a77-b6fb-3469-a8b6-228ec5ce5961
[13:53:49] [Server thread/INFO]: Player650 joined the game
[13:53:50] [Server thread/INFO]: Player650[/127.0.0.1:62054] logged in with entity id 35 at ([world]-9.5, 71.0, 33.5)
[13:53:51] [Server thread/INFO]: Player650 lost connection: Disconnected
[13:53:51] [Server thread/INFO]: Player650 left the game
[13:56:48] [User Authenticator #1/INFO]: UUID of player Player374 is 80366950-5482-38de-842a-c4cdd5802ec2
[13:56:49] [Server thread/INFO]: Player374 joined the game
[13:56:49] [Server thread/INFO]: Player374[/127.0.0.1:62142] logged in with entity id 84 at ([world]-4.5, 79.0, 22.5)
[13:56:51] [Server thread/INFO]: Player374 lost connection: Disconnected
[13:56:51] [Server thread/INFO]: Player374 left the game
[14:02:45] [User Authenticator #2/INFO]: UUID of player Player307 is 9bfc7d2e-b7d2-36ba-8889-dc94b2f1b428
[14:02:46] [Server thread/INFO]: Player307 joined the game
[14:02:46] [Server thread/INFO]: Player307[/127.0.0.1:62382] logged in with entity id 140 at ([world]-5.5, 75.0, 26.5)
[14:02:57] [Server thread/INFO]: Player307 lost connection: Disconnected
[14:02:57] [Server thread/INFO]: Player307 left the game
[14:04:01] [User Authenticator #3/INFO]: UUID of player Player581 is 05a2b883-672c-35b9-82ec-eccc4e0cabc2
[14:04:02] [Server thread/INFO]: Player581 joined the game
[14:04:02] [Server thread/INFO]: Player581[/127.0.0.1:62443] logged in with entity id 337 at ([world]6.5, 77.0, 39.5)
[14:05:05] [Server thread/INFO]: Player581 lost connection: Disconnected
[14:05:05] [Server thread/INFO]: Player581 left the game
[14:17:26] [User Authenticator #4/INFO]: UUID of player Player376 is 97ca14d5-9f19-3536-8732-0f9262f3eb17
[14:17:27] [Server thread/INFO]: Player376 joined the game
[14:17:27] [Server thread/INFO]: Player376[/127.0.0.1:63225] logged in with entity id 483 at ([world]4.5, 77.0, 37.5)
[14:18:09] [Server thread/INFO]: Player376 lost connection: Disconnected
[14:18:09] [Server thread/INFO]: Player376 left the game
[14:19:48] [User Authenticator #5/INFO]: UUID of player Player571 is 5d4844c1-110f-375f-8c73-6803b7a61e5d
[14:19:48] [Server thread/INFO]: Player571 joined the game
[14:19:48] [Server thread/INFO]: Player571[/127.0.0.1:63291] logged in with entity id 554 at ([world]2.5, 66.0, 24.5)
[14:20:10] [Server thread/INFO]: Player571 lost connection: Disconnected
[14:20:10] [Server thread/INFO]: Player571 left the game
[14:27:31] [User Authenticator #6/INFO]: UUID of player Player579 is 6ae8fe40-3ccb-3755-8fd2-c5445728b386
[14:27:32] [Server thread/INFO]: Player579 joined the game
[14:27:32] [Server thread/INFO]: Player579[/127.0.0.1:63655] logged in with entity id 599 at ([world]4.5, 64.0, 32.5)
[14:28:56] [Server thread/INFO]: Player579 lost connection: Disconnected
[14:28:56] [Server thread/INFO]: Player579 left the game
[14:30:50] [User Authenticator #7/INFO]: UUID of player Player988 is d1a76729-1ccb-3de3-b2b3-c7efa54f7c6f
[14:30:51] [Server thread/INFO]: Player988 joined the game
[14:30:51] [Server thread/INFO]: Player988[/127.0.0.1:63803] logged in with entity id 716 at ([world]-3.5, 64.0, 42.5)
[14:36:50] [Server thread/INFO]: Player988 lost connection: Disconnected
[14:36:50] [Server thread/INFO]: Player988 left the game
[14:37:33] [User Authenticator #8/INFO]: UUID of player Player207 is c5f2027d-c05b-3ad0-bbf1-20e3f4a553c8
[14:37:33] [Server thread/INFO]: Player207 joined the game
[14:37:33] [Server thread/INFO]: Player207[/127.0.0.1:63943] logged in with entity id 1745 at ([world]-9.5, 74.0, 26.5)
[14:38:07] [Server thread/INFO]: Player207 lost connection: Disconnected
[14:38:07] [Server thread/INFO]: Player207 left the game
[14:42:34] [User Authenticator #9/INFO]: UUID of player Player478 is 303505c1-798d-3df3-ab8d-6c701f3fe36a
[14:42:35] [Server thread/INFO]: Player478 joined the game
[14:42:35] [Server thread/INFO]: Player478[/127.0.0.1:64074] logged in with entity id 1866 at ([world]8.5, 64.0, 28.5)
[14:42:44] [Server thread/INFO]: Player478 lost connection: Disconnected
[14:42:44] [Server thread/INFO]: Player478 left the game
[14:42:46] [User Authenticator #9/INFO]: UUID of player Player478 is 303505c1-798d-3df3-ab8d-6c701f3fe36a
[14:42:46] [Server thread/INFO]: Player478 joined the game
[14:42:46] [Server thread/INFO]: Player478[/127.0.0.1:64079] logged in with entity id 1897 at ([world]19.260373724062237, 64.0, 9.21142274970305)
[14:43:33] [Server thread/INFO]: Set the time to 24000
[14:44:35] [Server thread/INFO]: Player478 lost connection: Disconnected
[14:44:35] [Server thread/INFO]: Player478 left the game
[14:46:46] [User Authenticator #10/INFO]: UUID of player Player182 is 317a8ad6-0e94-3efc-b65d-ee1610ecfadc
[14:46:47] [Server thread/INFO]: Player182 joined the game
[14:46:47] [Server thread/INFO]: Player182[/127.0.0.1:64220] logged in with entity id 2259 at ([world]1.5, 64.0, 24.5)
[14:47:04] [Server thread/INFO]: Set the time to 0
[14:47:22] [Server thread/INFO]: Set the time to 1000
[14:48:02] [Server thread/INFO]: Set the time to 1000
[14:48:04] [Server thread/INFO]: Set the time to 10000
[14:48:12] [Server thread/INFO]: Set the time to 24000
[14:48:19] [Server thread/INFO]: Set the time to 18000
[14:48:27] [Server thread/INFO]: Player182 lost connection: Disconnected
[14:48:27] [Server thread/INFO]: Player182 left the game
